
> memfs@4.15.1 test
> jest --maxWorkers 2

FAIL src/fsa-to-node/__tests__/FsaNodeFs.test.ts
  â— Test suite failed to run

    [96msrc/volume.ts[0m:[93m830[0m:[93m10[0m - [91merror[0m[90m TS2554: [0mExpected 3 arguments, but got 2.

    [7m830[0m     this.wrapAsync(this.wrapAsync.bind(this), [this.closeFile, [file], callback])
    [7m   [0m [91m         ~~~~~~~~~[0m

      [96msrc/volume.ts[0m:[93m577[0m:[93m61[0m
        [7m577[0m   private wrapAsync(method: (...args) => void, args: any[], callback: TCallback<any>) {
        [7m   [0m [96m                                                            ~~~~~~~~~~~~~~~~~~~~~~~~[0m
        An argument for 'callback' was not provided.

FAIL src/crud/__tests__/matryoshka.test.ts
  â— Test suite failed to run

    [96msrc/volume.ts[0m:[93m830[0m:[93m10[0m - [91merror[0m[90m TS2554: [0mExpected 3 arguments, but got 2.

    [7m830[0m     this.wrapAsync(this.wrapAsync.bind(this), [this.closeFile, [file], callback])
    [7m   [0m [91m         ~~~~~~~~~[0m

      [96msrc/volume.ts[0m:[93m577[0m:[93m61[0m
        [7m577[0m   private wrapAsync(method: (...args) => void, args: any[], callback: TCallback<any>) {
        [7m   [0m [96m                                                            ~~~~~~~~~~~~~~~~~~~~~~~~[0m
        An argument for 'callback' was not provided.

FAIL src/__tests__/volume.test.ts
  â— Test suite failed to run

    [96msrc/volume.ts[0m:[93m830[0m:[93m10[0m - [91merror[0m[90m TS2554: [0mExpected 3 arguments, but got 2.

    [7m830[0m     this.wrapAsync(this.wrapAsync.bind(this), [this.closeFile, [file], callback])
    [7m   [0m [91m         ~~~~~~~~~[0m

      [96msrc/volume.ts[0m:[93m577[0m:[93m61[0m
        [7m577[0m   private wrapAsync(method: (...args) => void, args: any[], callback: TCallback<any>) {
        [7m   [0m [96m                                                            ~~~~~~~~~~~~~~~~~~~~~~~~[0m
        An argument for 'callback' was not provided.

FAIL src/snapshot/__tests__/json.test.ts
  â— Test suite failed to run

    [96msrc/volume.ts[0m:[93m830[0m:[93m10[0m - [91merror[0m[90m TS2554: [0mExpected 3 arguments, but got 2.

    [7m830[0m     this.wrapAsync(this.wrapAsync.bind(this), [this.closeFile, [file], callback])
    [7m   [0m [91m         ~~~~~~~~~[0m

      [96msrc/volume.ts[0m:[93m577[0m:[93m61[0m
        [7m577[0m   private wrapAsync(method: (...args) => void, args: any[], callback: TCallback<any>) {
        [7m   [0m [96m                                                            ~~~~~~~~~~~~~~~~~~~~~~~~[0m
        An argument for 'callback' was not provided.

FAIL src/fsa-to-crud/__tests__/FsaCrud.test.ts
  â— Test suite failed to run

    [96msrc/volume.ts[0m:[93m830[0m:[93m10[0m - [91merror[0m[90m TS2554: [0mExpected 3 arguments, but got 2.

    [7m830[0m     this.wrapAsync(this.wrapAsync.bind(this), [this.closeFile, [file], callback])
    [7m   [0m [91m         ~~~~~~~~~[0m

      [96msrc/volume.ts[0m:[93m577[0m:[93m61[0m
        [7m577[0m   private wrapAsync(method: (...args) => void, args: any[], callback: TCallback<any>) {
        [7m   [0m [96m                                                            ~~~~~~~~~~~~~~~~~~~~~~~~[0m
        An argument for 'callback' was not provided.

FAIL src/__tests__/promises.test.ts
  â— Test suite failed to run

    [96msrc/volume.ts[0m:[93m830[0m:[93m10[0m - [91merror[0m[90m TS2554: [0mExpected 3 arguments, but got 2.

    [7m830[0m     this.wrapAsync(this.wrapAsync.bind(this), [this.closeFile, [file], callback])
    [7m   [0m [91m         ~~~~~~~~~[0m

      [96msrc/volume.ts[0m:[93m577[0m:[93m61[0m
        [7m577[0m   private wrapAsync(method: (...args) => void, args: any[], callback: TCallback<any>) {
        [7m   [0m [96m                                                            ~~~~~~~~~~~~~~~~~~~~~~~~[0m
        An argument for 'callback' was not provided.

FAIL src/__tests__/volume/writeFileSync.test.ts
  â— Test suite failed to run

    [96msrc/volume.ts[0m:[93m830[0m:[93m10[0m - [91merror[0m[90m TS2554: [0mExpected 3 arguments, but got 2.

    [7m830[0m     this.wrapAsync(this.wrapAsync.bind(this), [this.closeFile, [file], callback])
    [7m   [0m [91m         ~~~~~~~~~[0m

      [96msrc/volume.ts[0m:[93m577[0m:[93m61[0m
        [7m577[0m   private wrapAsync(method: (...args) => void, args: any[], callback: TCallback<any>) {
        [7m   [0m [96m                                                            ~~~~~~~~~~~~~~~~~~~~~~~~[0m
        An argument for 'callback' was not provided.

FAIL src/crud-to-cas/__tests__/CrudCas.test.ts
  â— Test suite failed to run

    [96msrc/volume.ts[0m:[93m830[0m:[93m10[0m - [91merror[0m[90m TS2554: [0mExpected 3 arguments, but got 2.

    [7m830[0m     this.wrapAsync(this.wrapAsync.bind(this), [this.closeFile, [file], callback])
    [7m   [0m [91m         ~~~~~~~~~[0m

      [96msrc/volume.ts[0m:[93m577[0m:[93m61[0m
        [7m577[0m   private wrapAsync(method: (...args) => void, args: any[], callback: TCallback<any>) {
        [7m   [0m [96m                                                            ~~~~~~~~~~~~~~~~~~~~~~~~[0m
        An argument for 'callback' was not provided.

FAIL src/__tests__/volume/openSync.test.ts
  â— Test suite failed to run

    [96msrc/volume.ts[0m:[93m830[0m:[93m10[0m - [91merror[0m[90m TS2554: [0mExpected 3 arguments, but got 2.

    [7m830[0m     this.wrapAsync(this.wrapAsync.bind(this), [this.closeFile, [file], callback])
    [7m   [0m [91m         ~~~~~~~~~[0m

      [96msrc/volume.ts[0m:[93m577[0m:[93m61[0m
        [7m577[0m   private wrapAsync(method: (...args) => void, args: any[], callback: TCallback<any>) {
        [7m   [0m [96m                                                            ~~~~~~~~~~~~~~~~~~~~~~~~[0m
        An argument for 'callback' was not provided.

FAIL src/__tests__/volume/copyFileSync.test.ts
  â— Test suite failed to run

    [96msrc/volume.ts[0m:[93m830[0m:[93m10[0m - [91merror[0m[90m TS2554: [0mExpected 3 arguments, but got 2.

    [7m830[0m     this.wrapAsync(this.wrapAsync.bind(this), [this.closeFile, [file], callback])
    [7m   [0m [91m         ~~~~~~~~~[0m

      [96msrc/volume.ts[0m:[93m577[0m:[93m61[0m
        [7m577[0m   private wrapAsync(method: (...args) => void, args: any[], callback: TCallback<any>) {
        [7m   [0m [96m                                                            ~~~~~~~~~~~~~~~~~~~~~~~~[0m
        An argument for 'callback' was not provided.

FAIL src/__tests__/volume/mkdirSync.test.ts
  â— Test suite failed to run

    [96msrc/volume.ts[0m:[93m830[0m:[93m10[0m - [91merror[0m[90m TS2554: [0mExpected 3 arguments, but got 2.

    [7m830[0m     this.wrapAsync(this.wrapAsync.bind(this), [this.closeFile, [file], callback])
    [7m   [0m [91m         ~~~~~~~~~[0m

      [96msrc/volume.ts[0m:[93m577[0m:[93m61[0m
        [7m577[0m   private wrapAsync(method: (...args) => void, args: any[], callback: TCallback<any>) {
        [7m   [0m [96m                                                            ~~~~~~~~~~~~~~~~~~~~~~~~[0m
        An argument for 'callback' was not provided.

FAIL src/node-to-fsa/__tests__/NodeFileSystemDirectoryHandle.test.ts
  â— Test suite failed to run

    [96msrc/volume.ts[0m:[93m830[0m:[93m10[0m - [91merror[0m[90m TS2554: [0mExpected 3 arguments, but got 2.

    [7m830[0m     this.wrapAsync(this.wrapAsync.bind(this), [this.closeFile, [file], callback])
    [7m   [0m [91m         ~~~~~~~~~[0m

      [96msrc/volume.ts[0m:[93m577[0m:[93m61[0m
        [7m577[0m   private wrapAsync(method: (...args) => void, args: any[], callback: TCallback<any>) {
        [7m   [0m [96m                                                            ~~~~~~~~~~~~~~~~~~~~~~~~[0m
        An argument for 'callback' was not provided.

FAIL src/__tests__/volume/readdirSync.test.ts
  â— Test suite failed to run

    [96msrc/volume.ts[0m:[93m830[0m:[93m10[0m - [91merror[0m[90m TS2554: [0mExpected 3 arguments, but got 2.

    [7m830[0m     this.wrapAsync(this.wrapAsync.bind(this), [this.closeFile, [file], callback])
    [7m   [0m [91m         ~~~~~~~~~[0m

      [96msrc/volume.ts[0m:[93m577[0m:[93m61[0m
        [7m577[0m   private wrapAsync(method: (...args) => void, args: any[], callback: TCallback<any>) {
        [7m   [0m [96m                                                            ~~~~~~~~~~~~~~~~~~~~~~~~[0m
        An argument for 'callback' was not provided.

FAIL src/__tests__/volume/renameSync.test.ts
  â— Test suite failed to run

    [96msrc/volume.ts[0m:[93m830[0m:[93m10[0m - [91merror[0m[90m TS2554: [0mExpected 3 arguments, but got 2.

    [7m830[0m     this.wrapAsync(this.wrapAsync.bind(this), [this.closeFile, [file], callback])
    [7m   [0m [91m         ~~~~~~~~~[0m

      [96msrc/volume.ts[0m:[93m577[0m:[93m61[0m
        [7m577[0m   private wrapAsync(method: (...args) => void, args: any[], callback: TCallback<any>) {
        [7m   [0m [96m                                                            ~~~~~~~~~~~~~~~~~~~~~~~~[0m
        An argument for 'callback' was not provided.

FAIL src/__tests__/volume/rmSync.test.ts
  â— Test suite failed to run

    [96msrc/volume.ts[0m:[93m830[0m:[93m10[0m - [91merror[0m[90m TS2554: [0mExpected 3 arguments, but got 2.

    [7m830[0m     this.wrapAsync(this.wrapAsync.bind(this), [this.closeFile, [file], callback])
    [7m   [0m [91m         ~~~~~~~~~[0m

      [96msrc/volume.ts[0m:[93m577[0m:[93m61[0m
        [7m577[0m   private wrapAsync(method: (...args) => void, args: any[], callback: TCallback<any>) {
        [7m   [0m [96m                                                            ~~~~~~~~~~~~~~~~~~~~~~~~[0m
        An argument for 'callback' was not provided.

FAIL src/__tests__/volume/copyFile.test.ts
  â— Test suite failed to run

    [96msrc/volume.ts[0m:[93m830[0m:[93m10[0m - [91merror[0m[90m TS2554: [0mExpected 3 arguments, but got 2.

    [7m830[0m     this.wrapAsync(this.wrapAsync.bind(this), [this.closeFile, [file], callback])
    [7m   [0m [91m         ~~~~~~~~~[0m

      [96msrc/volume.ts[0m:[93m577[0m:[93m61[0m
        [7m577[0m   private wrapAsync(method: (...args) => void, args: any[], callback: TCallback<any>) {
        [7m   [0m [96m                                                            ~~~~~~~~~~~~~~~~~~~~~~~~[0m
        An argument for 'callback' was not provided.

FAIL src/__tests__/volume/lutimesSync.test.ts
  â— Test suite failed to run

    [96msrc/volume.ts[0m:[93m830[0m:[93m10[0m - [91merror[0m[90m TS2554: [0mExpected 3 arguments, but got 2.

    [7m830[0m     this.wrapAsync(this.wrapAsync.bind(this), [this.closeFile, [file], callback])
    [7m   [0m [91m         ~~~~~~~~~[0m

      [96msrc/volume.ts[0m:[93m577[0m:[93m61[0m
        [7m577[0m   private wrapAsync(method: (...args) => void, args: any[], callback: TCallback<any>) {
        [7m   [0m [96m                                                            ~~~~~~~~~~~~~~~~~~~~~~~~[0m
        An argument for 'callback' was not provided.

FAIL src/__tests__/volume/statSync.test.ts
  â— Test suite failed to run

    [96msrc/volume.ts[0m:[93m830[0m:[93m10[0m - [91merror[0m[90m TS2554: [0mExpected 3 arguments, but got 2.

    [7m830[0m     this.wrapAsync(this.wrapAsync.bind(this), [this.closeFile, [file], callback])
    [7m   [0m [91m         ~~~~~~~~~[0m

      [96msrc/volume.ts[0m:[93m577[0m:[93m61[0m
        [7m577[0m   private wrapAsync(method: (...args) => void, args: any[], callback: TCallback<any>) {
        [7m   [0m [96m                                                            ~~~~~~~~~~~~~~~~~~~~~~~~[0m
        An argument for 'callback' was not provided.

FAIL src/__tests__/volume/rmPromise.test.ts
  â— Test suite failed to run

    [96msrc/volume.ts[0m:[93m830[0m:[93m10[0m - [91merror[0m[90m TS2554: [0mExpected 3 arguments, but got 2.

    [7m830[0m     this.wrapAsync(this.wrapAsync.bind(this), [this.closeFile, [file], callback])
    [7m   [0m [91m         ~~~~~~~~~[0m

      [96msrc/volume.ts[0m:[93m577[0m:[93m61[0m
        [7m577[0m   private wrapAsync(method: (...args) => void, args: any[], callback: TCallback<any>) {
        [7m   [0m [96m                                                            ~~~~~~~~~~~~~~~~~~~~~~~~[0m
        An argument for 'callback' was not provided.

FAIL src/__tests__/volume/chmodSync.test.ts
  â— Test suite failed to run

    [96msrc/volume.ts[0m:[93m830[0m:[93m10[0m - [91merror[0m[90m TS2554: [0mExpected 3 arguments, but got 2.

    [7m830[0m     this.wrapAsync(this.wrapAsync.bind(this), [this.closeFile, [file], callback])
    [7m   [0m [91m         ~~~~~~~~~[0m

      [96msrc/volume.ts[0m:[93m577[0m:[93m61[0m
        [7m577[0m   private wrapAsync(method: (...args) => void, args: any[], callback: TCallback<any>) {
        [7m   [0m [96m                                                            ~~~~~~~~~~~~~~~~~~~~~~~~[0m
        An argument for 'callback' was not provided.

FAIL src/__tests__/volume/utimesSync.test.ts
  â— Test suite failed to run

    [96msrc/volume.ts[0m:[93m830[0m:[93m10[0m - [91merror[0m[90m TS2554: [0mExpected 3 arguments, but got 2.

    [7m830[0m     this.wrapAsync(this.wrapAsync.bind(this), [this.closeFile, [file], callback])
    [7m   [0m [91m         ~~~~~~~~~[0m

      [96msrc/volume.ts[0m:[93m577[0m:[93m61[0m
        [7m577[0m   private wrapAsync(method: (...args) => void, args: any[], callback: TCallback<any>) {
        [7m   [0m [96m                                                            ~~~~~~~~~~~~~~~~~~~~~~~~[0m
        An argument for 'callback' was not provided.

FAIL src/__tests__/volume/readSync.test.ts
  â— Test suite failed to run

    [96msrc/volume.ts[0m:[93m830[0m:[93m10[0m - [91merror[0m[90m TS2554: [0mExpected 3 arguments, but got 2.

    [7m830[0m     this.wrapAsync(this.wrapAsync.bind(this), [this.closeFile, [file], callback])
    [7m   [0m [91m         ~~~~~~~~~[0m

      [96msrc/volume.ts[0m:[93m577[0m:[93m61[0m
        [7m577[0m   private wrapAsync(method: (...args) => void, args: any[], callback: TCallback<any>) {
        [7m   [0m [96m                                                            ~~~~~~~~~~~~~~~~~~~~~~~~[0m
        An argument for 'callback' was not provided.

FAIL src/__tests__/volume/appendFileSync.test.ts
  â— Test suite failed to run

    [96msrc/volume.ts[0m:[93m830[0m:[93m10[0m - [91merror[0m[90m TS2554: [0mExpected 3 arguments, but got 2.

    [7m830[0m     this.wrapAsync(this.wrapAsync.bind(this), [this.closeFile, [file], callback])
    [7m   [0m [91m         ~~~~~~~~~[0m

      [96msrc/volume.ts[0m:[93m577[0m:[93m61[0m
        [7m577[0m   private wrapAsync(method: (...args) => void, args: any[], callback: TCallback<any>) {
        [7m   [0m [96m                                                            ~~~~~~~~~~~~~~~~~~~~~~~~[0m
        An argument for 'callback' was not provided.

FAIL src/__tests__/volume/realpathSync.test.ts
  â— Test suite failed to run

    [96msrc/volume.ts[0m:[93m830[0m:[93m10[0m - [91merror[0m[90m TS2554: [0mExpected 3 arguments, but got 2.

    [7m830[0m     this.wrapAsync(this.wrapAsync.bind(this), [this.closeFile, [file], callback])
    [7m   [0m [91m         ~~~~~~~~~[0m

      [96msrc/volume.ts[0m:[93m577[0m:[93m61[0m
        [7m577[0m   private wrapAsync(method: (...args) => void, args: any[], callback: TCallback<any>) {
        [7m   [0m [96m                                                            ~~~~~~~~~~~~~~~~~~~~~~~~[0m
        An argument for 'callback' was not provided.

FAIL src/__tests__/volume/readFile.test.ts
  â— Test suite failed to run

    [96msrc/volume.ts[0m:[93m830[0m:[93m10[0m - [91merror[0m[90m TS2554: [0mExpected 3 arguments, but got 2.

    [7m830[0m     this.wrapAsync(this.wrapAsync.bind(this), [this.closeFile, [file], callback])
    [7m   [0m [91m         ~~~~~~~~~[0m

      [96msrc/volume.ts[0m:[93m577[0m:[93m61[0m
        [7m577[0m   private wrapAsync(method: (...args) => void, args: any[], callback: TCallback<any>) {
        [7m   [0m [96m                                                            ~~~~~~~~~~~~~~~~~~~~~~~~[0m
        An argument for 'callback' was not provided.

FAIL src/snapshot/__tests__/binary.test.ts
  â— Test suite failed to run

    [96msrc/volume.ts[0m:[93m830[0m:[93m10[0m - [91merror[0m[90m TS2554: [0mExpected 3 arguments, but got 2.

    [7m830[0m     this.wrapAsync(this.wrapAsync.bind(this), [this.closeFile, [file], callback])
    [7m   [0m [91m         ~~~~~~~~~[0m

      [96msrc/volume.ts[0m:[93m577[0m:[93m61[0m
        [7m577[0m   private wrapAsync(method: (...args) => void, args: any[], callback: TCallback<any>) {
        [7m   [0m [96m                                                            ~~~~~~~~~~~~~~~~~~~~~~~~[0m
        An argument for 'callback' was not provided.

FAIL src/node-to-crud/__tests__/FsaCrud.test.ts
  â— Test suite failed to run

    [96msrc/volume.ts[0m:[93m830[0m:[93m10[0m - [91merror[0m[90m TS2554: [0mExpected 3 arguments, but got 2.

    [7m830[0m     this.wrapAsync(this.wrapAsync.bind(this), [this.closeFile, [file], callback])
    [7m   [0m [91m         ~~~~~~~~~[0m

      [96msrc/volume.ts[0m:[93m577[0m:[93m61[0m
        [7m577[0m   private wrapAsync(method: (...args) => void, args: any[], callback: TCallback<any>) {
        [7m   [0m [96m                                                            ~~~~~~~~~~~~~~~~~~~~~~~~[0m
        An argument for 'callback' was not provided.

FAIL src/node-to-fsa/__tests__/NodeFileSystemFileHandle.test.ts
  â— Test suite failed to run

    [96msrc/volume.ts[0m:[93m830[0m:[93m10[0m - [91merror[0m[90m TS2554: [0mExpected 3 arguments, but got 2.

    [7m830[0m     this.wrapAsync(this.wrapAsync.bind(this), [this.closeFile, [file], callback])
    [7m   [0m [91m         ~~~~~~~~~[0m

      [96msrc/volume.ts[0m:[93m577[0m:[93m61[0m
        [7m577[0m   private wrapAsync(method: (...args) => void, args: any[], callback: TCallback<any>) {
        [7m   [0m [96m                                                            ~~~~~~~~~~~~~~~~~~~~~~~~[0m
        An argument for 'callback' was not provided.

FAIL src/node-to-fsa/__tests__/NodeFileSystemSyncAccessHandle.test.ts
  â— Test suite failed to run

    [96msrc/volume.ts[0m:[93m830[0m:[93m10[0m - [91merror[0m[90m TS2554: [0mExpected 3 arguments, but got 2.

    [7m830[0m     this.wrapAsync(this.wrapAsync.bind(this), [this.closeFile, [file], callback])
    [7m   [0m [91m         ~~~~~~~~~[0m

      [96msrc/volume.ts[0m:[93m577[0m:[93m61[0m
        [7m577[0m   private wrapAsync(method: (...args) => void, args: any[], callback: TCallback<any>) {
        [7m   [0m [96m                                                            ~~~~~~~~~~~~~~~~~~~~~~~~[0m
        An argument for 'callback' was not provided.

FAIL src/snapshot/__tests__/sync.test.ts
  â— Test suite failed to run

    [96msrc/volume.ts[0m:[93m830[0m:[93m10[0m - [91merror[0m[90m TS2554: [0mExpected 3 arguments, but got 2.

    [7m830[0m     this.wrapAsync(this.wrapAsync.bind(this), [this.closeFile, [file], callback])
    [7m   [0m [91m         ~~~~~~~~~[0m

      [96msrc/volume.ts[0m:[93m577[0m:[93m61[0m
        [7m577[0m   private wrapAsync(method: (...args) => void, args: any[], callback: TCallback<any>) {
        [7m   [0m [96m                                                            ~~~~~~~~~~~~~~~~~~~~~~~~[0m
        An argument for 'callback' was not provided.

FAIL src/snapshot/__tests__/async.test.ts
  â— Test suite failed to run

    [96msrc/volume.ts[0m:[93m830[0m:[93m10[0m - [91merror[0m[90m TS2554: [0mExpected 3 arguments, but got 2.

    [7m830[0m     this.wrapAsync(this.wrapAsync.bind(this), [this.closeFile, [file], callback])
    [7m   [0m [91m         ~~~~~~~~~[0m

      [96msrc/volume.ts[0m:[93m577[0m:[93m61[0m
        [7m577[0m   private wrapAsync(method: (...args) => void, args: any[], callback: TCallback<any>) {
        [7m   [0m [96m                                                            ~~~~~~~~~~~~~~~~~~~~~~~~[0m
        An argument for 'callback' was not provided.

FAIL src/node-to-fsa/__tests__/NodeFileSystemWritableFileStream.test.ts
  â— Test suite failed to run

    [96msrc/volume.ts[0m:[93m830[0m:[93m10[0m - [91merror[0m[90m TS2554: [0mExpected 3 arguments, but got 2.

    [7m830[0m     this.wrapAsync(this.wrapAsync.bind(this), [this.closeFile, [file], callback])
    [7m   [0m [91m         ~~~~~~~~~[0m

      [96msrc/volume.ts[0m:[93m577[0m:[93m61[0m
        [7m577[0m   private wrapAsync(method: (...args) => void, args: any[], callback: TCallback<any>) {
        [7m   [0m [96m                                                            ~~~~~~~~~~~~~~~~~~~~~~~~[0m
        An argument for 'callback' was not provided.

FAIL src/crud-to-cas/__tests__/CrudCasBase.test.ts
  â— Test suite failed to run

    [96msrc/volume.ts[0m:[93m830[0m:[93m10[0m - [91merror[0m[90m TS2554: [0mExpected 3 arguments, but got 2.

    [7m830[0m     this.wrapAsync(this.wrapAsync.bind(this), [this.closeFile, [file], callback])
    [7m   [0m [91m         ~~~~~~~~~[0m

      [96msrc/volume.ts[0m:[93m577[0m:[93m61[0m
        [7m577[0m   private wrapAsync(method: (...args) => void, args: any[], callback: TCallback<any>) {
        [7m   [0m [96m                                                            ~~~~~~~~~~~~~~~~~~~~~~~~[0m
        An argument for 'callback' was not provided.

PASS src/__tests__/node.test.ts
FAIL src/__tests__/index.test.ts
  â— Test suite failed to run

    [96msrc/volume.ts[0m:[93m830[0m:[93m10[0m - [91merror[0m[90m TS2554: [0mExpected 3 arguments, but got 2.

    [7m830[0m     this.wrapAsync(this.wrapAsync.bind(this), [this.closeFile, [file], callback])
    [7m   [0m [91m         ~~~~~~~~~[0m

      [96msrc/volume.ts[0m:[93m577[0m:[93m61[0m
        [7m577[0m   private wrapAsync(method: (...args) => void, args: any[], callback: TCallback<any>) {
        [7m   [0m [96m                                                            ~~~~~~~~~~~~~~~~~~~~~~~~[0m
        An argument for 'callback' was not provided.

FAIL src/node-to-fsa/__tests__/scenarios.test.ts
  â— Test suite failed to run

    [96msrc/volume.ts[0m:[93m830[0m:[93m10[0m - [91merror[0m[90m TS2554: [0mExpected 3 arguments, but got 2.

    [7m830[0m     this.wrapAsync(this.wrapAsync.bind(this), [this.closeFile, [file], callback])
    [7m   [0m [91m         ~~~~~~~~~[0m

      [96msrc/volume.ts[0m:[93m577[0m:[93m61[0m
        [7m577[0m   private wrapAsync(method: (...args) => void, args: any[], callback: TCallback<any>) {
        [7m   [0m [96m                                                            ~~~~~~~~~~~~~~~~~~~~~~~~[0m
        An argument for 'callback' was not provided.

FAIL src/__tests__/volume/ReadStream.test.ts
  â— Test suite failed to run

    [96msrc/volume.ts[0m:[93m830[0m:[93m10[0m - [91merror[0m[90m TS2554: [0mExpected 3 arguments, but got 2.

    [7m830[0m     this.wrapAsync(this.wrapAsync.bind(this), [this.closeFile, [file], callback])
    [7m   [0m [91m         ~~~~~~~~~[0m

      [96msrc/volume.ts[0m:[93m577[0m:[93m61[0m
        [7m577[0m   private wrapAsync(method: (...args) => void, args: any[], callback: TCallback<any>) {
        [7m   [0m [96m                                                            ~~~~~~~~~~~~~~~~~~~~~~~~[0m
        An argument for 'callback' was not provided.

FAIL src/__tests__/volume/closeSync.test.ts
  â— Test suite failed to run

    [96msrc/volume.ts[0m:[93m830[0m:[93m10[0m - [91merror[0m[90m TS2554: [0mExpected 3 arguments, but got 2.

    [7m830[0m     this.wrapAsync(this.wrapAsync.bind(this), [this.closeFile, [file], callback])
    [7m   [0m [91m         ~~~~~~~~~[0m

      [96msrc/volume.ts[0m:[93m577[0m:[93m61[0m
        [7m577[0m   private wrapAsync(method: (...args) => void, args: any[], callback: TCallback<any>) {
        [7m   [0m [96m                                                            ~~~~~~~~~~~~~~~~~~~~~~~~[0m
        An argument for 'callback' was not provided.

FAIL src/__tests__/volume/writeSync.test.ts
  â— Test suite failed to run

    [96msrc/volume.ts[0m:[93m830[0m:[93m10[0m - [91merror[0m[90m TS2554: [0mExpected 3 arguments, but got 2.

    [7m830[0m     this.wrapAsync(this.wrapAsync.bind(this), [this.closeFile, [file], callback])
    [7m   [0m [91m         ~~~~~~~~~[0m

      [96msrc/volume.ts[0m:[93m577[0m:[93m61[0m
        [7m577[0m   private wrapAsync(method: (...args) => void, args: any[], callback: TCallback<any>) {
        [7m   [0m [96m                                                            ~~~~~~~~~~~~~~~~~~~~~~~~[0m
        An argument for 'callback' was not provided.

FAIL src/__tests__/volume/existsSync.test.ts
  â— Test suite failed to run

    [96msrc/volume.ts[0m:[93m830[0m:[93m10[0m - [91merror[0m[90m TS2554: [0mExpected 3 arguments, but got 2.

    [7m830[0m     this.wrapAsync(this.wrapAsync.bind(this), [this.closeFile, [file], callback])
    [7m   [0m [91m         ~~~~~~~~~[0m

      [96msrc/volume.ts[0m:[93m577[0m:[93m61[0m
        [7m577[0m   private wrapAsync(method: (...args) => void, args: any[], callback: TCallback<any>) {
        [7m   [0m [96m                                                            ~~~~~~~~~~~~~~~~~~~~~~~~[0m
        An argument for 'callback' was not provided.

FAIL src/__tests__/volume/rename.test.ts
  â— Test suite failed to run

    [96msrc/volume.ts[0m:[93m830[0m:[93m10[0m - [91merror[0m[90m TS2554: [0mExpected 3 arguments, but got 2.

    [7m830[0m     this.wrapAsync(this.wrapAsync.bind(this), [this.closeFile, [file], callback])
    [7m   [0m [91m         ~~~~~~~~~[0m

      [96msrc/volume.ts[0m:[93m577[0m:[93m61[0m
        [7m577[0m   private wrapAsync(method: (...args) => void, args: any[], callback: TCallback<any>) {
        [7m   [0m [96m                                                            ~~~~~~~~~~~~~~~~~~~~~~~~[0m
        An argument for 'callback' was not provided.

FAIL src/__tests__/volume/exists.test.ts
  â— Test suite failed to run

    [96msrc/volume.ts[0m:[93m830[0m:[93m10[0m - [91merror[0m[90m TS2554: [0mExpected 3 arguments, but got 2.

    [7m830[0m     this.wrapAsync(this.wrapAsync.bind(this), [this.closeFile, [file], callback])
    [7m   [0m [91m         ~~~~~~~~~[0m

      [96msrc/volume.ts[0m:[93m577[0m:[93m61[0m
        [7m577[0m   private wrapAsync(method: (...args) => void, args: any[], callback: TCallback<any>) {
        [7m   [0m [96m                                                            ~~~~~~~~~~~~~~~~~~~~~~~~[0m
        An argument for 'callback' was not provided.

FAIL src/__tests__/volume/WriteStream.test.ts
  â— Test suite failed to run

    [96msrc/volume.ts[0m:[93m830[0m:[93m10[0m - [91merror[0m[90m TS2554: [0mExpected 3 arguments, but got 2.

    [7m830[0m     this.wrapAsync(this.wrapAsync.bind(this), [this.closeFile, [file], callback])
    [7m   [0m [91m         ~~~~~~~~~[0m

      [96msrc/volume.ts[0m:[93m577[0m:[93m61[0m
        [7m577[0m   private wrapAsync(method: (...args) => void, args: any[], callback: TCallback<any>) {
        [7m   [0m [96m                                                            ~~~~~~~~~~~~~~~~~~~~~~~~[0m
        An argument for 'callback' was not provided.

FAIL src/__tests__/volume/FileHandle.test.ts
  â— Test suite failed to run

    [96msrc/volume.ts[0m:[93m830[0m:[93m10[0m - [91merror[0m[90m TS2554: [0mExpected 3 arguments, but got 2.

    [7m830[0m     this.wrapAsync(this.wrapAsync.bind(this), [this.closeFile, [file], callback])
    [7m   [0m [91m         ~~~~~~~~~[0m

      [96msrc/volume.ts[0m:[93m577[0m:[93m61[0m
        [7m577[0m   private wrapAsync(method: (...args) => void, args: any[], callback: TCallback<any>) {
        [7m   [0m [96m                                                            ~~~~~~~~~~~~~~~~~~~~~~~~[0m
        An argument for 'callback' was not provided.

FAIL src/__tests__/volume/appendFile.test.ts
  â— Test suite failed to run

    [96msrc/volume.ts[0m:[93m830[0m:[93m10[0m - [91merror[0m[90m TS2554: [0mExpected 3 arguments, but got 2.

    [7m830[0m     this.wrapAsync(this.wrapAsync.bind(this), [this.closeFile, [file], callback])
    [7m   [0m [91m         ~~~~~~~~~[0m

      [96msrc/volume.ts[0m:[93m577[0m:[93m61[0m
        [7m577[0m   private wrapAsync(method: (...args) => void, args: any[], callback: TCallback<any>) {
        [7m   [0m [96m                                                            ~~~~~~~~~~~~~~~~~~~~~~~~[0m
        An argument for 'callback' was not provided.

FAIL src/node-to-fsa/__tests__/NodeFileSystemHandle.test.ts
  â— Test suite failed to run

    [96msrc/volume.ts[0m:[93m830[0m:[93m10[0m - [91merror[0m[90m TS2554: [0mExpected 3 arguments, but got 2.

    [7m830[0m     this.wrapAsync(this.wrapAsync.bind(this), [this.closeFile, [file], callback])
    [7m   [0m [91m         ~~~~~~~~~[0m

      [96msrc/volume.ts[0m:[93m577[0m:[93m61[0m
        [7m577[0m   private wrapAsync(method: (...args) => void, args: any[], callback: TCallback<any>) {
        [7m   [0m [96m                                                            ~~~~~~~~~~~~~~~~~~~~~~~~[0m
        An argument for 'callback' was not provided.

FAIL src/print/__tests__/index.test.ts
  â— Test suite failed to run

    [96msrc/volume.ts[0m:[93m830[0m:[93m10[0m - [91merror[0m[90m TS2554: [0mExpected 3 arguments, but got 2.

    [7m830[0m     this.wrapAsync(this.wrapAsync.bind(this), [this.closeFile, [file], callback])
    [7m   [0m [91m         ~~~~~~~~~[0m

      [96msrc/volume.ts[0m:[93m577[0m:[93m61[0m
        [7m577[0m   private wrapAsync(method: (...args) => void, args: any[], callback: TCallback<any>) {
        [7m   [0m [96m                                                            ~~~~~~~~~~~~~~~~~~~~~~~~[0m
        An argument for 'callback' was not provided.

FAIL src/__tests__/volume/toString.test.ts
  â— Test suite failed to run

    [96msrc/volume.ts[0m:[93m830[0m:[93m10[0m - [91merror[0m[90m TS2554: [0mExpected 3 arguments, but got 2.

    [7m830[0m     this.wrapAsync(this.wrapAsync.bind(this), [this.closeFile, [file], callback])
    [7m   [0m [91m         ~~~~~~~~~[0m

      [96msrc/volume.ts[0m:[93m577[0m:[93m61[0m
        [7m577[0m   private wrapAsync(method: (...args) => void, args: any[], callback: TCallback<any>) {
        [7m   [0m [96m                                                            ~~~~~~~~~~~~~~~~~~~~~~~~[0m
        An argument for 'callback' was not provided.

PASS src/node-to-fsa/__tests__/util.test.ts
PASS src/fsa-to-node/__tests__/util.test.ts
PASS src/__tests__/setImmediate.test.ts
PASS src/__tests__/process.test.ts
PASS src/__tests__/setTimeoutUnref.test.ts
FAIL src/__tests__/volume/write.test.ts
  â— Test suite failed to run

    [96msrc/volume.ts[0m:[93m830[0m:[93m10[0m - [91merror[0m[90m TS2554: [0mExpected 3 arguments, but got 2.

    [7m830[0m     this.wrapAsync(this.wrapAsync.bind(this), [this.closeFile, [file], callback])
    [7m   [0m [91m         ~~~~~~~~~[0m

      [96msrc/volume.ts[0m:[93m577[0m:[93m61[0m
        [7m577[0m   private wrapAsync(method: (...args) => void, args: any[], callback: TCallback<any>) {
        [7m   [0m [96m                                                            ~~~~~~~~~~~~~~~~~~~~~~~~[0m
        An argument for 'callback' was not provided.

Summary of all failing tests
FAIL src/fsa-to-node/__tests__/FsaNodeFs.test.ts
  â— Test suite failed to run

    [96msrc/volume.ts[0m:[93m830[0m:[93m10[0m - [91merror[0m[90m TS2554: [0mExpected 3 arguments, but got 2.

    [7m830[0m     this.wrapAsync(this.wrapAsync.bind(this), [this.closeFile, [file], callback])
    [7m   [0m [91m         ~~~~~~~~~[0m

      [96msrc/volume.ts[0m:[93m577[0m:[93m61[0m
        [7m577[0m   private wrapAsync(method: (...args) => void, args: any[], callback: TCallback<any>) {
        [7m   [0m [96m                                                            ~~~~~~~~~~~~~~~~~~~~~~~~[0m
        An argument for 'callback' was not provided.

FAIL src/crud/__tests__/matryoshka.test.ts
  â— Test suite failed to run

    [96msrc/volume.ts[0m:[93m830[0m:[93m10[0m - [91merror[0m[90m TS2554: [0mExpected 3 arguments, but got 2.

    [7m830[0m     this.wrapAsync(this.wrapAsync.bind(this), [this.closeFile, [file], callback])
    [7m   [0m [91m         ~~~~~~~~~[0m

      [96msrc/volume.ts[0m:[93m577[0m:[93m61[0m
        [7m577[0m   private wrapAsync(method: (...args) => void, args: any[], callback: TCallback<any>) {
        [7m   [0m [96m                                                            ~~~~~~~~~~~~~~~~~~~~~~~~[0m
        An argument for 'callback' was not provided.

FAIL src/__tests__/volume.test.ts
  â— Test suite failed to run

    [96msrc/volume.ts[0m:[93m830[0m:[93m10[0m - [91merror[0m[90m TS2554: [0mExpected 3 arguments, but got 2.

    [7m830[0m     this.wrapAsync(this.wrapAsync.bind(this), [this.closeFile, [file], callback])
    [7m   [0m [91m         ~~~~~~~~~[0m

      [96msrc/volume.ts[0m:[93m577[0m:[93m61[0m
        [7m577[0m   private wrapAsync(method: (...args) => void, args: any[], callback: TCallback<any>) {
        [7m   [0m [96m                                                            ~~~~~~~~~~~~~~~~~~~~~~~~[0m
        An argument for 'callback' was not provided.

FAIL src/snapshot/__tests__/json.test.ts
  â— Test suite failed to run

    [96msrc/volume.ts[0m:[93m830[0m:[93m10[0m - [91merror[0m[90m TS2554: [0mExpected 3 arguments, but got 2.

    [7m830[0m     this.wrapAsync(this.wrapAsync.bind(this), [this.closeFile, [file], callback])
    [7m   [0m [91m         ~~~~~~~~~[0m

      [96msrc/volume.ts[0m:[93m577[0m:[93m61[0m
        [7m577[0m   private wrapAsync(method: (...args) => void, args: any[], callback: TCallback<any>) {
        [7m   [0m [96m                                                            ~~~~~~~~~~~~~~~~~~~~~~~~[0m
        An argument for 'callback' was not provided.

FAIL src/fsa-to-crud/__tests__/FsaCrud.test.ts
  â— Test suite failed to run

    [96msrc/volume.ts[0m:[93m830[0m:[93m10[0m - [91merror[0m[90m TS2554: [0mExpected 3 arguments, but got 2.

    [7m830[0m     this.wrapAsync(this.wrapAsync.bind(this), [this.closeFile, [file], callback])
    [7m   [0m [91m         ~~~~~~~~~[0m

      [96msrc/volume.ts[0m:[93m577[0m:[93m61[0m
        [7m577[0m   private wrapAsync(method: (...args) => void, args: any[], callback: TCallback<any>) {
        [7m   [0m [96m                                                            ~~~~~~~~~~~~~~~~~~~~~~~~[0m
        An argument for 'callback' was not provided.

FAIL src/__tests__/promises.test.ts
  â— Test suite failed to run

    [96msrc/volume.ts[0m:[93m830[0m:[93m10[0m - [91merror[0m[90m TS2554: [0mExpected 3 arguments, but got 2.

    [7m830[0m     this.wrapAsync(this.wrapAsync.bind(this), [this.closeFile, [file], callback])
    [7m   [0m [91m         ~~~~~~~~~[0m

      [96msrc/volume.ts[0m:[93m577[0m:[93m61[0m
        [7m577[0m   private wrapAsync(method: (...args) => void, args: any[], callback: TCallback<any>) {
        [7m   [0m [96m                                                            ~~~~~~~~~~~~~~~~~~~~~~~~[0m
        An argument for 'callback' was not provided.

FAIL src/__tests__/volume/writeFileSync.test.ts
  â— Test suite failed to run

    [96msrc/volume.ts[0m:[93m830[0m:[93m10[0m - [91merror[0m[90m TS2554: [0mExpected 3 arguments, but got 2.

    [7m830[0m     this.wrapAsync(this.wrapAsync.bind(this), [this.closeFile, [file], callback])
    [7m   [0m [91m         ~~~~~~~~~[0m

      [96msrc/volume.ts[0m:[93m577[0m:[93m61[0m
        [7m577[0m   private wrapAsync(method: (...args) => void, args: any[], callback: TCallback<any>) {
        [7m   [0m [96m                                                            ~~~~~~~~~~~~~~~~~~~~~~~~[0m
        An argument for 'callback' was not provided.

FAIL src/crud-to-cas/__tests__/CrudCas.test.ts
  â— Test suite failed to run

    [96msrc/volume.ts[0m:[93m830[0m:[93m10[0m - [91merror[0m[90m TS2554: [0mExpected 3 arguments, but got 2.

    [7m830[0m     this.wrapAsync(this.wrapAsync.bind(this), [this.closeFile, [file], callback])
    [7m   [0m [91m         ~~~~~~~~~[0m

      [96msrc/volume.ts[0m:[93m577[0m:[93m61[0m
        [7m577[0m   private wrapAsync(method: (...args) => void, args: any[], callback: TCallback<any>) {
        [7m   [0m [96m                                                            ~~~~~~~~~~~~~~~~~~~~~~~~[0m
        An argument for 'callback' was not provided.

FAIL src/__tests__/volume/openSync.test.ts
  â— Test suite failed to run

    [96msrc/volume.ts[0m:[93m830[0m:[93m10[0m - [91merror[0m[90m TS2554: [0mExpected 3 arguments, but got 2.

    [7m830[0m     this.wrapAsync(this.wrapAsync.bind(this), [this.closeFile, [file], callback])
    [7m   [0m [91m         ~~~~~~~~~[0m

      [96msrc/volume.ts[0m:[93m577[0m:[93m61[0m
        [7m577[0m   private wrapAsync(method: (...args) => void, args: any[], callback: TCallback<any>) {
        [7m   [0m [96m                                                            ~~~~~~~~~~~~~~~~~~~~~~~~[0m
        An argument for 'callback' was not provided.

FAIL src/__tests__/volume/copyFileSync.test.ts
  â— Test suite failed to run

    [96msrc/volume.ts[0m:[93m830[0m:[93m10[0m - [91merror[0m[90m TS2554: [0mExpected 3 arguments, but got 2.

    [7m830[0m     this.wrapAsync(this.wrapAsync.bind(this), [this.closeFile, [file], callback])
    [7m   [0m [91m         ~~~~~~~~~[0m

      [96msrc/volume.ts[0m:[93m577[0m:[93m61[0m
        [7m577[0m   private wrapAsync(method: (...args) => void, args: any[], callback: TCallback<any>) {
        [7m   [0m [96m                                                            ~~~~~~~~~~~~~~~~~~~~~~~~[0m
        An argument for 'callback' was not provided.

FAIL src/__tests__/volume/mkdirSync.test.ts
  â— Test suite failed to run

    [96msrc/volume.ts[0m:[93m830[0m:[93m10[0m - [91merror[0m[90m TS2554: [0mExpected 3 arguments, but got 2.

    [7m830[0m     this.wrapAsync(this.wrapAsync.bind(this), [this.closeFile, [file], callback])
    [7m   [0m [91m         ~~~~~~~~~[0m

      [96msrc/volume.ts[0m:[93m577[0m:[93m61[0m
        [7m577[0m   private wrapAsync(method: (...args) => void, args: any[], callback: TCallback<any>) {
        [7m   [0m [96m                                                            ~~~~~~~~~~~~~~~~~~~~~~~~[0m
        An argument for 'callback' was not provided.

FAIL src/node-to-fsa/__tests__/NodeFileSystemDirectoryHandle.test.ts
  â— Test suite failed to run

    [96msrc/volume.ts[0m:[93m830[0m:[93m10[0m - [91merror[0m[90m TS2554: [0mExpected 3 arguments, but got 2.

    [7m830[0m     this.wrapAsync(this.wrapAsync.bind(this), [this.closeFile, [file], callback])
    [7m   [0m [91m         ~~~~~~~~~[0m

      [96msrc/volume.ts[0m:[93m577[0m:[93m61[0m
        [7m577[0m   private wrapAsync(method: (...args) => void, args: any[], callback: TCallback<any>) {
        [7m   [0m [96m                                                            ~~~~~~~~~~~~~~~~~~~~~~~~[0m
        An argument for 'callback' was not provided.

FAIL src/__tests__/volume/readdirSync.test.ts
  â— Test suite failed to run

    [96msrc/volume.ts[0m:[93m830[0m:[93m10[0m - [91merror[0m[90m TS2554: [0mExpected 3 arguments, but got 2.

    [7m830[0m     this.wrapAsync(this.wrapAsync.bind(this), [this.closeFile, [file], callback])
    [7m   [0m [91m         ~~~~~~~~~[0m

      [96msrc/volume.ts[0m:[93m577[0m:[93m61[0m
        [7m577[0m   private wrapAsync(method: (...args) => void, args: any[], callback: TCallback<any>) {
        [7m   [0m [96m                                                            ~~~~~~~~~~~~~~~~~~~~~~~~[0m
        An argument for 'callback' was not provided.

FAIL src/__tests__/volume/renameSync.test.ts
  â— Test suite failed to run

    [96msrc/volume.ts[0m:[93m830[0m:[93m10[0m - [91merror[0m[90m TS2554: [0mExpected 3 arguments, but got 2.

    [7m830[0m     this.wrapAsync(this.wrapAsync.bind(this), [this.closeFile, [file], callback])
    [7m   [0m [91m         ~~~~~~~~~[0m

      [96msrc/volume.ts[0m:[93m577[0m:[93m61[0m
        [7m577[0m   private wrapAsync(method: (...args) => void, args: any[], callback: TCallback<any>) {
        [7m   [0m [96m                                                            ~~~~~~~~~~~~~~~~~~~~~~~~[0m
        An argument for 'callback' was not provided.

FAIL src/__tests__/volume/rmSync.test.ts
  â— Test suite failed to run

    [96msrc/volume.ts[0m:[93m830[0m:[93m10[0m - [91merror[0m[90m TS2554: [0mExpected 3 arguments, but got 2.

    [7m830[0m     this.wrapAsync(this.wrapAsync.bind(this), [this.closeFile, [file], callback])
    [7m   [0m [91m         ~~~~~~~~~[0m

      [96msrc/volume.ts[0m:[93m577[0m:[93m61[0m
        [7m577[0m   private wrapAsync(method: (...args) => void, args: any[], callback: TCallback<any>) {
        [7m   [0m [96m                                                            ~~~~~~~~~~~~~~~~~~~~~~~~[0m
        An argument for 'callback' was not provided.

FAIL src/__tests__/volume/copyFile.test.ts
  â— Test suite failed to run

    [96msrc/volume.ts[0m:[93m830[0m:[93m10[0m - [91merror[0m[90m TS2554: [0mExpected 3 arguments, but got 2.

    [7m830[0m     this.wrapAsync(this.wrapAsync.bind(this), [this.closeFile, [file], callback])
    [7m   [0m [91m         ~~~~~~~~~[0m

      [96msrc/volume.ts[0m:[93m577[0m:[93m61[0m
        [7m577[0m   private wrapAsync(method: (...args) => void, args: any[], callback: TCallback<any>) {
        [7m   [0m [96m                                                            ~~~~~~~~~~~~~~~~~~~~~~~~[0m
        An argument for 'callback' was not provided.

FAIL src/__tests__/volume/lutimesSync.test.ts
  â— Test suite failed to run

    [96msrc/volume.ts[0m:[93m830[0m:[93m10[0m - [91merror[0m[90m TS2554: [0mExpected 3 arguments, but got 2.

    [7m830[0m     this.wrapAsync(this.wrapAsync.bind(this), [this.closeFile, [file], callback])
    [7m   [0m [91m         ~~~~~~~~~[0m

      [96msrc/volume.ts[0m:[93m577[0m:[93m61[0m
        [7m577[0m   private wrapAsync(method: (...args) => void, args: any[], callback: TCallback<any>) {
        [7m   [0m [96m                                                            ~~~~~~~~~~~~~~~~~~~~~~~~[0m
        An argument for 'callback' was not provided.

FAIL src/__tests__/volume/statSync.test.ts
  â— Test suite failed to run

    [96msrc/volume.ts[0m:[93m830[0m:[93m10[0m - [91merror[0m[90m TS2554: [0mExpected 3 arguments, but got 2.

    [7m830[0m     this.wrapAsync(this.wrapAsync.bind(this), [this.closeFile, [file], callback])
    [7m   [0m [91m         ~~~~~~~~~[0m

      [96msrc/volume.ts[0m:[93m577[0m:[93m61[0m
        [7m577[0m   private wrapAsync(method: (...args) => void, args: any[], callback: TCallback<any>) {
        [7m   [0m [96m                                                            ~~~~~~~~~~~~~~~~~~~~~~~~[0m
        An argument for 'callback' was not provided.

FAIL src/__tests__/volume/rmPromise.test.ts
  â— Test suite failed to run

    [96msrc/volume.ts[0m:[93m830[0m:[93m10[0m - [91merror[0m[90m TS2554: [0mExpected 3 arguments, but got 2.

    [7m830[0m     this.wrapAsync(this.wrapAsync.bind(this), [this.closeFile, [file], callback])
    [7m   [0m [91m         ~~~~~~~~~[0m

      [96msrc/volume.ts[0m:[93m577[0m:[93m61[0m
        [7m577[0m   private wrapAsync(method: (...args) => void, args: any[], callback: TCallback<any>) {
        [7m   [0m [96m                                                            ~~~~~~~~~~~~~~~~~~~~~~~~[0m
        An argument for 'callback' was not provided.

FAIL src/__tests__/volume/chmodSync.test.ts
  â— Test suite failed to run

    [96msrc/volume.ts[0m:[93m830[0m:[93m10[0m - [91merror[0m[90m TS2554: [0mExpected 3 arguments, but got 2.

    [7m830[0m     this.wrapAsync(this.wrapAsync.bind(this), [this.closeFile, [file], callback])
    [7m   [0m [91m         ~~~~~~~~~[0m

      [96msrc/volume.ts[0m:[93m577[0m:[93m61[0m
        [7m577[0m   private wrapAsync(method: (...args) => void, args: any[], callback: TCallback<any>) {
        [7m   [0m [96m                                                            ~~~~~~~~~~~~~~~~~~~~~~~~[0m
        An argument for 'callback' was not provided.

FAIL src/__tests__/volume/utimesSync.test.ts
  â— Test suite failed to run

    [96msrc/volume.ts[0m:[93m830[0m:[93m10[0m - [91merror[0m[90m TS2554: [0mExpected 3 arguments, but got 2.

    [7m830[0m     this.wrapAsync(this.wrapAsync.bind(this), [this.closeFile, [file], callback])
    [7m   [0m [91m         ~~~~~~~~~[0m

      [96msrc/volume.ts[0m:[93m577[0m:[93m61[0m
        [7m577[0m   private wrapAsync(method: (...args) => void, args: any[], callback: TCallback<any>) {
        [7m   [0m [96m                                                            ~~~~~~~~~~~~~~~~~~~~~~~~[0m
        An argument for 'callback' was not provided.

FAIL src/__tests__/volume/readSync.test.ts
  â— Test suite failed to run

    [96msrc/volume.ts[0m:[93m830[0m:[93m10[0m - [91merror[0m[90m TS2554: [0mExpected 3 arguments, but got 2.

    [7m830[0m     this.wrapAsync(this.wrapAsync.bind(this), [this.closeFile, [file], callback])
    [7m   [0m [91m         ~~~~~~~~~[0m

      [96msrc/volume.ts[0m:[93m577[0m:[93m61[0m
        [7m577[0m   private wrapAsync(method: (...args) => void, args: any[], callback: TCallback<any>) {
        [7m   [0m [96m                                                            ~~~~~~~~~~~~~~~~~~~~~~~~[0m
        An argument for 'callback' was not provided.

FAIL src/__tests__/volume/appendFileSync.test.ts
  â— Test suite failed to run

    [96msrc/volume.ts[0m:[93m830[0m:[93m10[0m - [91merror[0m[90m TS2554: [0mExpected 3 arguments, but got 2.

    [7m830[0m     this.wrapAsync(this.wrapAsync.bind(this), [this.closeFile, [file], callback])
    [7m   [0m [91m         ~~~~~~~~~[0m

      [96msrc/volume.ts[0m:[93m577[0m:[93m61[0m
        [7m577[0m   private wrapAsync(method: (...args) => void, args: any[], callback: TCallback<any>) {
        [7m   [0m [96m                                                            ~~~~~~~~~~~~~~~~~~~~~~~~[0m
        An argument for 'callback' was not provided.

FAIL src/__tests__/volume/realpathSync.test.ts
  â— Test suite failed to run

    [96msrc/volume.ts[0m:[93m830[0m:[93m10[0m - [91merror[0m[90m TS2554: [0mExpected 3 arguments, but got 2.

    [7m830[0m     this.wrapAsync(this.wrapAsync.bind(this), [this.closeFile, [file], callback])
    [7m   [0m [91m         ~~~~~~~~~[0m

      [96msrc/volume.ts[0m:[93m577[0m:[93m61[0m
        [7m577[0m   private wrapAsync(method: (...args) => void, args: any[], callback: TCallback<any>) {
        [7m   [0m [96m                                                            ~~~~~~~~~~~~~~~~~~~~~~~~[0m
        An argument for 'callback' was not provided.

FAIL src/__tests__/volume/readFile.test.ts
  â— Test suite failed to run

    [96msrc/volume.ts[0m:[93m830[0m:[93m10[0m - [91merror[0m[90m TS2554: [0mExpected 3 arguments, but got 2.

    [7m830[0m     this.wrapAsync(this.wrapAsync.bind(this), [this.closeFile, [file], callback])
    [7m   [0m [91m         ~~~~~~~~~[0m

      [96msrc/volume.ts[0m:[93m577[0m:[93m61[0m
        [7m577[0m   private wrapAsync(method: (...args) => void, args: any[], callback: TCallback<any>) {
        [7m   [0m [96m                                                            ~~~~~~~~~~~~~~~~~~~~~~~~[0m
        An argument for 'callback' was not provided.

FAIL src/snapshot/__tests__/binary.test.ts
  â— Test suite failed to run

    [96msrc/volume.ts[0m:[93m830[0m:[93m10[0m - [91merror[0m[90m TS2554: [0mExpected 3 arguments, but got 2.

    [7m830[0m     this.wrapAsync(this.wrapAsync.bind(this), [this.closeFile, [file], callback])
    [7m   [0m [91m         ~~~~~~~~~[0m

      [96msrc/volume.ts[0m:[93m577[0m:[93m61[0m
        [7m577[0m   private wrapAsync(method: (...args) => void, args: any[], callback: TCallback<any>) {
        [7m   [0m [96m                                                            ~~~~~~~~~~~~~~~~~~~~~~~~[0m
        An argument for 'callback' was not provided.

FAIL src/node-to-crud/__tests__/FsaCrud.test.ts
  â— Test suite failed to run

    [96msrc/volume.ts[0m:[93m830[0m:[93m10[0m - [91merror[0m[90m TS2554: [0mExpected 3 arguments, but got 2.

    [7m830[0m     this.wrapAsync(this.wrapAsync.bind(this), [this.closeFile, [file], callback])
    [7m   [0m [91m         ~~~~~~~~~[0m

      [96msrc/volume.ts[0m:[93m577[0m:[93m61[0m
        [7m577[0m   private wrapAsync(method: (...args) => void, args: any[], callback: TCallback<any>) {
        [7m   [0m [96m                                                            ~~~~~~~~~~~~~~~~~~~~~~~~[0m
        An argument for 'callback' was not provided.

FAIL src/node-to-fsa/__tests__/NodeFileSystemFileHandle.test.ts
  â— Test suite failed to run

    [96msrc/volume.ts[0m:[93m830[0m:[93m10[0m - [91merror[0m[90m TS2554: [0mExpected 3 arguments, but got 2.

    [7m830[0m     this.wrapAsync(this.wrapAsync.bind(this), [this.closeFile, [file], callback])
    [7m   [0m [91m         ~~~~~~~~~[0m

      [96msrc/volume.ts[0m:[93m577[0m:[93m61[0m
        [7m577[0m   private wrapAsync(method: (...args) => void, args: any[], callback: TCallback<any>) {
        [7m   [0m [96m                                                            ~~~~~~~~~~~~~~~~~~~~~~~~[0m
        An argument for 'callback' was not provided.

FAIL src/node-to-fsa/__tests__/NodeFileSystemSyncAccessHandle.test.ts
  â— Test suite failed to run

    [96msrc/volume.ts[0m:[93m830[0m:[93m10[0m - [91merror[0m[90m TS2554: [0mExpected 3 arguments, but got 2.

    [7m830[0m     this.wrapAsync(this.wrapAsync.bind(this), [this.closeFile, [file], callback])
    [7m   [0m [91m         ~~~~~~~~~[0m

      [96msrc/volume.ts[0m:[93m577[0m:[93m61[0m
        [7m577[0m   private wrapAsync(method: (...args) => void, args: any[], callback: TCallback<any>) {
        [7m   [0m [96m                                                            ~~~~~~~~~~~~~~~~~~~~~~~~[0m
        An argument for 'callback' was not provided.

FAIL src/snapshot/__tests__/sync.test.ts
  â— Test suite failed to run

    [96msrc/volume.ts[0m:[93m830[0m:[93m10[0m - [91merror[0m[90m TS2554: [0mExpected 3 arguments, but got 2.

    [7m830[0m     this.wrapAsync(this.wrapAsync.bind(this), [this.closeFile, [file], callback])
    [7m   [0m [91m         ~~~~~~~~~[0m

      [96msrc/volume.ts[0m:[93m577[0m:[93m61[0m
        [7m577[0m   private wrapAsync(method: (...args) => void, args: any[], callback: TCallback<any>) {
        [7m   [0m [96m                                                            ~~~~~~~~~~~~~~~~~~~~~~~~[0m
        An argument for 'callback' was not provided.

FAIL src/snapshot/__tests__/async.test.ts
  â— Test suite failed to run

    [96msrc/volume.ts[0m:[93m830[0m:[93m10[0m - [91merror[0m[90m TS2554: [0mExpected 3 arguments, but got 2.

    [7m830[0m     this.wrapAsync(this.wrapAsync.bind(this), [this.closeFile, [file], callback])
    [7m   [0m [91m         ~~~~~~~~~[0m

      [96msrc/volume.ts[0m:[93m577[0m:[93m61[0m
        [7m577[0m   private wrapAsync(method: (...args) => void, args: any[], callback: TCallback<any>) {
        [7m   [0m [96m                                                            ~~~~~~~~~~~~~~~~~~~~~~~~[0m
        An argument for 'callback' was not provided.

FAIL src/node-to-fsa/__tests__/NodeFileSystemWritableFileStream.test.ts
  â— Test suite failed to run

    [96msrc/volume.ts[0m:[93m830[0m:[93m10[0m - [91merror[0m[90m TS2554: [0mExpected 3 arguments, but got 2.

    [7m830[0m     this.wrapAsync(this.wrapAsync.bind(this), [this.closeFile, [file], callback])
    [7m   [0m [91m         ~~~~~~~~~[0m

      [96msrc/volume.ts[0m:[93m577[0m:[93m61[0m
        [7m577[0m   private wrapAsync(method: (...args) => void, args: any[], callback: TCallback<any>) {
        [7m   [0m [96m                                                            ~~~~~~~~~~~~~~~~~~~~~~~~[0m
        An argument for 'callback' was not provided.

FAIL src/crud-to-cas/__tests__/CrudCasBase.test.ts
  â— Test suite failed to run

    [96msrc/volume.ts[0m:[93m830[0m:[93m10[0m - [91merror[0m[90m TS2554: [0mExpected 3 arguments, but got 2.

    [7m830[0m     this.wrapAsync(this.wrapAsync.bind(this), [this.closeFile, [file], callback])
    [7m   [0m [91m         ~~~~~~~~~[0m

      [96msrc/volume.ts[0m:[93m577[0m:[93m61[0m
        [7m577[0m   private wrapAsync(method: (...args) => void, args: any[], callback: TCallback<any>) {
        [7m   [0m [96m                                                            ~~~~~~~~~~~~~~~~~~~~~~~~[0m
        An argument for 'callback' was not provided.

FAIL src/__tests__/index.test.ts
  â— Test suite failed to run

    [96msrc/volume.ts[0m:[93m830[0m:[93m10[0m - [91merror[0m[90m TS2554: [0mExpected 3 arguments, but got 2.

    [7m830[0m     this.wrapAsync(this.wrapAsync.bind(this), [this.closeFile, [file], callback])
    [7m   [0m [91m         ~~~~~~~~~[0m

      [96msrc/volume.ts[0m:[93m577[0m:[93m61[0m
        [7m577[0m   private wrapAsync(method: (...args) => void, args: any[], callback: TCallback<any>) {
        [7m   [0m [96m                                                            ~~~~~~~~~~~~~~~~~~~~~~~~[0m
        An argument for 'callback' was not provided.

FAIL src/node-to-fsa/__tests__/scenarios.test.ts
  â— Test suite failed to run

    [96msrc/volume.ts[0m:[93m830[0m:[93m10[0m - [91merror[0m[90m TS2554: [0mExpected 3 arguments, but got 2.

    [7m830[0m     this.wrapAsync(this.wrapAsync.bind(this), [this.closeFile, [file], callback])
    [7m   [0m [91m         ~~~~~~~~~[0m

      [96msrc/volume.ts[0m:[93m577[0m:[93m61[0m
        [7m577[0m   private wrapAsync(method: (...args) => void, args: any[], callback: TCallback<any>) {
        [7m   [0m [96m                                                            ~~~~~~~~~~~~~~~~~~~~~~~~[0m
        An argument for 'callback' was not provided.

FAIL src/__tests__/volume/ReadStream.test.ts
  â— Test suite failed to run

    [96msrc/volume.ts[0m:[93m830[0m:[93m10[0m - [91merror[0m[90m TS2554: [0mExpected 3 arguments, but got 2.

    [7m830[0m     this.wrapAsync(this.wrapAsync.bind(this), [this.closeFile, [file], callback])
    [7m   [0m [91m         ~~~~~~~~~[0m

      [96msrc/volume.ts[0m:[93m577[0m:[93m61[0m
        [7m577[0m   private wrapAsync(method: (...args) => void, args: any[], callback: TCallback<any>) {
        [7m   [0m [96m                                                            ~~~~~~~~~~~~~~~~~~~~~~~~[0m
        An argument for 'callback' was not provided.

FAIL src/__tests__/volume/closeSync.test.ts
  â— Test suite failed to run

    [96msrc/volume.ts[0m:[93m830[0m:[93m10[0m - [91merror[0m[90m TS2554: [0mExpected 3 arguments, but got 2.

    [7m830[0m     this.wrapAsync(this.wrapAsync.bind(this), [this.closeFile, [file], callback])
    [7m   [0m [91m         ~~~~~~~~~[0m

      [96msrc/volume.ts[0m:[93m577[0m:[93m61[0m
        [7m577[0m   private wrapAsync(method: (...args) => void, args: any[], callback: TCallback<any>) {
        [7m   [0m [96m                                                            ~~~~~~~~~~~~~~~~~~~~~~~~[0m
        An argument for 'callback' was not provided.

FAIL src/__tests__/volume/writeSync.test.ts
  â— Test suite failed to run

    [96msrc/volume.ts[0m:[93m830[0m:[93m10[0m - [91merror[0m[90m TS2554: [0mExpected 3 arguments, but got 2.

    [7m830[0m     this.wrapAsync(this.wrapAsync.bind(this), [this.closeFile, [file], callback])
    [7m   [0m [91m         ~~~~~~~~~[0m

      [96msrc/volume.ts[0m:[93m577[0m:[93m61[0m
        [7m577[0m   private wrapAsync(method: (...args) => void, args: any[], callback: TCallback<any>) {
        [7m   [0m [96m                                                            ~~~~~~~~~~~~~~~~~~~~~~~~[0m
        An argument for 'callback' was not provided.

FAIL src/__tests__/volume/existsSync.test.ts
  â— Test suite failed to run

    [96msrc/volume.ts[0m:[93m830[0m:[93m10[0m - [91merror[0m[90m TS2554: [0mExpected 3 arguments, but got 2.

    [7m830[0m     this.wrapAsync(this.wrapAsync.bind(this), [this.closeFile, [file], callback])
    [7m   [0m [91m         ~~~~~~~~~[0m

      [96msrc/volume.ts[0m:[93m577[0m:[93m61[0m
        [7m577[0m   private wrapAsync(method: (...args) => void, args: any[], callback: TCallback<any>) {
        [7m   [0m [96m                                                            ~~~~~~~~~~~~~~~~~~~~~~~~[0m
        An argument for 'callback' was not provided.

FAIL src/__tests__/volume/rename.test.ts
  â— Test suite failed to run

    [96msrc/volume.ts[0m:[93m830[0m:[93m10[0m - [91merror[0m[90m TS2554: [0mExpected 3 arguments, but got 2.

    [7m830[0m     this.wrapAsync(this.wrapAsync.bind(this), [this.closeFile, [file], callback])
    [7m   [0m [91m         ~~~~~~~~~[0m

      [96msrc/volume.ts[0m:[93m577[0m:[93m61[0m
        [7m577[0m   private wrapAsync(method: (...args) => void, args: any[], callback: TCallback<any>) {
        [7m   [0m [96m                                                            ~~~~~~~~~~~~~~~~~~~~~~~~[0m
        An argument for 'callback' was not provided.

FAIL src/__tests__/volume/exists.test.ts
  â— Test suite failed to run

    [96msrc/volume.ts[0m:[93m830[0m:[93m10[0m - [91merror[0m[90m TS2554: [0mExpected 3 arguments, but got 2.

    [7m830[0m     this.wrapAsync(this.wrapAsync.bind(this), [this.closeFile, [file], callback])
    [7m   [0m [91m         ~~~~~~~~~[0m

      [96msrc/volume.ts[0m:[93m577[0m:[93m61[0m
        [7m577[0m   private wrapAsync(method: (...args) => void, args: any[], callback: TCallback<any>) {
        [7m   [0m [96m                                                            ~~~~~~~~~~~~~~~~~~~~~~~~[0m
        An argument for 'callback' was not provided.

FAIL src/__tests__/volume/WriteStream.test.ts
  â— Test suite failed to run

    [96msrc/volume.ts[0m:[93m830[0m:[93m10[0m - [91merror[0m[90m TS2554: [0mExpected 3 arguments, but got 2.

    [7m830[0m     this.wrapAsync(this.wrapAsync.bind(this), [this.closeFile, [file], callback])
    [7m   [0m [91m         ~~~~~~~~~[0m

      [96msrc/volume.ts[0m:[93m577[0m:[93m61[0m
        [7m577[0m   private wrapAsync(method: (...args) => void, args: any[], callback: TCallback<any>) {
        [7m   [0m [96m                                                            ~~~~~~~~~~~~~~~~~~~~~~~~[0m
        An argument for 'callback' was not provided.

FAIL src/__tests__/volume/FileHandle.test.ts
  â— Test suite failed to run

    [96msrc/volume.ts[0m:[93m830[0m:[93m10[0m - [91merror[0m[90m TS2554: [0mExpected 3 arguments, but got 2.

    [7m830[0m     this.wrapAsync(this.wrapAsync.bind(this), [this.closeFile, [file], callback])
    [7m   [0m [91m         ~~~~~~~~~[0m

      [96msrc/volume.ts[0m:[93m577[0m:[93m61[0m
        [7m577[0m   private wrapAsync(method: (...args) => void, args: any[], callback: TCallback<any>) {
        [7m   [0m [96m                                                            ~~~~~~~~~~~~~~~~~~~~~~~~[0m
        An argument for 'callback' was not provided.

FAIL src/__tests__/volume/appendFile.test.ts
  â— Test suite failed to run

    [96msrc/volume.ts[0m:[93m830[0m:[93m10[0m - [91merror[0m[90m TS2554: [0mExpected 3 arguments, but got 2.

    [7m830[0m     this.wrapAsync(this.wrapAsync.bind(this), [this.closeFile, [file], callback])
    [7m   [0m [91m         ~~~~~~~~~[0m

      [96msrc/volume.ts[0m:[93m577[0m:[93m61[0m
        [7m577[0m   private wrapAsync(method: (...args) => void, args: any[], callback: TCallback<any>) {
        [7m   [0m [96m                                                            ~~~~~~~~~~~~~~~~~~~~~~~~[0m
        An argument for 'callback' was not provided.

FAIL src/node-to-fsa/__tests__/NodeFileSystemHandle.test.ts
  â— Test suite failed to run

    [96msrc/volume.ts[0m:[93m830[0m:[93m10[0m - [91merror[0m[90m TS2554: [0mExpected 3 arguments, but got 2.

    [7m830[0m     this.wrapAsync(this.wrapAsync.bind(this), [this.closeFile, [file], callback])
    [7m   [0m [91m         ~~~~~~~~~[0m

      [96msrc/volume.ts[0m:[93m577[0m:[93m61[0m
        [7m577[0m   private wrapAsync(method: (...args) => void, args: any[], callback: TCallback<any>) {
        [7m   [0m [96m                                                            ~~~~~~~~~~~~~~~~~~~~~~~~[0m
        An argument for 'callback' was not provided.

FAIL src/print/__tests__/index.test.ts
  â— Test suite failed to run

    [96msrc/volume.ts[0m:[93m830[0m:[93m10[0m - [91merror[0m[90m TS2554: [0mExpected 3 arguments, but got 2.

    [7m830[0m     this.wrapAsync(this.wrapAsync.bind(this), [this.closeFile, [file], callback])
    [7m   [0m [91m         ~~~~~~~~~[0m

      [96msrc/volume.ts[0m:[93m577[0m:[93m61[0m
        [7m577[0m   private wrapAsync(method: (...args) => void, args: any[], callback: TCallback<any>) {
        [7m   [0m [96m                                                            ~~~~~~~~~~~~~~~~~~~~~~~~[0m
        An argument for 'callback' was not provided.

FAIL src/__tests__/volume/toString.test.ts
  â— Test suite failed to run

    [96msrc/volume.ts[0m:[93m830[0m:[93m10[0m - [91merror[0m[90m TS2554: [0mExpected 3 arguments, but got 2.

    [7m830[0m     this.wrapAsync(this.wrapAsync.bind(this), [this.closeFile, [file], callback])
    [7m   [0m [91m         ~~~~~~~~~[0m

      [96msrc/volume.ts[0m:[93m577[0m:[93m61[0m
        [7m577[0m   private wrapAsync(method: (...args) => void, args: any[], callback: TCallback<any>) {
        [7m   [0m [96m                                                            ~~~~~~~~~~~~~~~~~~~~~~~~[0m
        An argument for 'callback' was not provided.

FAIL src/__tests__/volume/write.test.ts
  â— Test suite failed to run

    [96msrc/volume.ts[0m:[93m830[0m:[93m10[0m - [91merror[0m[90m TS2554: [0mExpected 3 arguments, but got 2.

    [7m830[0m     this.wrapAsync(this.wrapAsync.bind(this), [this.closeFile, [file], callback])
    [7m   [0m [91m         ~~~~~~~~~[0m

      [96msrc/volume.ts[0m:[93m577[0m:[93m61[0m
        [7m577[0m   private wrapAsync(method: (...args) => void, args: any[], callback: TCallback<any>) {
        [7m   [0m [96m                                                            ~~~~~~~~~~~~~~~~~~~~~~~~[0m
        An argument for 'callback' was not provided.


Test Suites: 48 failed, 6 passed, 54 total
Tests:       34 passed, 34 total
Snapshots:   0 total
Time:        6.844 s
Ran all test suites.
